
10/06/2017 19:46:10 PagSeguro.Session[info]: Begin
10/06/2017 19:46:12 PagSeguro.Session[info]: POST: https://ws.sandbox.pagseguro.uol.com.br/v2/sessions?email=sarahrhany122%40gmail.com&token=B5C781B81E5A412F8C22F7DCEB761EEE
10/06/2017 19:46:21 PagSeguro.Session[info]: Session ID: 0a53cccced9f4b05b63e21b45da231bf
10/06/2017 19:47:29 PagSeguro.Session[info]: Begin
10/06/2017 19:47:29 PagSeguro.Session[info]: POST: https://ws.sandbox.pagseguro.uol.com.br/v2/sessions?email=sarahrhany122%40gmail.com&token=B5C781B81E5A412F8C22F7DCEB761EEE
10/06/2017 19:47:37 PagSeguro.Session[info]: Session ID: a0596864354041fab85a793d8984dd52
10/06/2017 19:48:11 PagSeguro.Session[info]: Begin
10/06/2017 19:48:11 PagSeguro.Session[info]: POST: https://ws.sandbox.pagseguro.uol.com.br/v2/sessions?email=sarahrhany122%40gmail.com&token=B5C781B81E5A412F8C22F7DCEB761EEE
10/06/2017 19:48:22 PagSeguro.Session[info]: Session ID: 7f9bf794e591480ea4f919988285af66
10/06/2017 19:48:22 PagSeguro.Session[info]: Begin
10/06/2017 19:48:22 PagSeguro.Session[info]: POST: https://ws.sandbox.pagseguro.uol.com.br/v2/sessions?email=sarahrhany122%40gmail.com&token=B5C781B81E5A412F8C22F7DCEB761EEE
10/06/2017 19:48:29 PagSeguro.Session[info]: Session ID: d8fdf791c1cf4ef096aa3f4a5560eeb3
10/06/2017 19:51:40 PagSeguro.Session[info]: Begin
10/06/2017 19:51:40 PagSeguro.Session[info]: POST: https://ws.sandbox.pagseguro.uol.com.br/v2/sessions?email=sarahrhany122%40gmail.com&token=B5C781B81E5A412F8C22F7DCEB761EEE
10/06/2017 19:51:47 PagSeguro.Session[info]: Session ID: e69d2ae649cf40d299c9e3df84b24e6f
10/06/2017 19:52:54 PagSeguro.Session[info]: Begin
10/06/2017 19:52:54 PagSeguro.Session[info]: POST: https://ws.sandbox.pagseguro.uol.com.br/v2/sessions?email=sarahrhany122%40gmail.com&token=B5C781B81E5A412F8C22F7DCEB761EEE
10/06/2017 19:53:02 PagSeguro.Session[info]: Session ID: 3ae1745c6316440282dc43f5bdc906b7
10/06/2017 19:54:12 PagSeguro.Session[info]: Begin
10/06/2017 19:54:12 PagSeguro.Session[info]: POST: https://ws.sandbox.pagseguro.uol.com.br/v2/sessions?email=sarahrhany122%40gmail.com&token=B5C781B81E5A412F8C22F7DCEB761EEE
10/06/2017 19:54:20 PagSeguro.Session[info]: Session ID: ba1720f4da0f4a6dbbc9e07801265b41
10/06/2017 19:54:43 PagSeguro.Session[info]: Begin
10/06/2017 19:54:43 PagSeguro.Session[info]: POST: https://ws.sandbox.pagseguro.uol.com.br/v2/sessions?email=sarahrhany122%40gmail.com&token=B5C781B81E5A412F8C22F7DCEB761EEE
10/06/2017 19:54:51 PagSeguro.Session[info]: Session ID: de9be99afbfc45089e47e6ab95a3fdd5
10/06/2017 19:58:39 PagSeguro.Session[info]: Begin
10/06/2017 19:58:39 PagSeguro.Session[info]: POST: https://ws.sandbox.pagseguro.uol.com.br/v2/sessions?email=sarahrhany122%40gmail.com&token=B5C781B81E5A412F8C22F7DCEB761EEE
10/06/2017 19:58:45 PagSeguro.Session[info]: Session ID: 3705583075484b6d99fcad439195e65c
10/06/2017 19:59:08 PagSeguro.Session[info]: Begin
10/06/2017 19:59:08 PagSeguro.Session[info]: POST: https://ws.sandbox.pagseguro.uol.com.br/v2/sessions?email=sarahrhany122%40gmail.com&token=B5C781B81E5A412F8C22F7DCEB761EEE
10/06/2017 19:59:15 PagSeguro.Session[info]: Session ID: d4353fb696e941b1993dec691efc2ac5
10/06/2017 20:01:43 PagSeguro.Session[info]: Begin
10/06/2017 20:01:43 PagSeguro.Session[info]: POST: https://ws.sandbox.pagseguro.uol.com.br/v2/sessions?email=sarahrhany122%40gmail.com&token=B5C781B81E5A412F8C22F7DCEB761EEE
10/06/2017 20:01:53 PagSeguro.Session[info]: Session ID: b6b7c3b5dcb441f29031d62092b74e76
10/06/2017 20:04:18 PagSeguro.Session[info]: Begin
10/06/2017 20:04:18 PagSeguro.Session[info]: POST: https://ws.sandbox.pagseguro.uol.com.br/v2/sessions?email=sarahrhany122%40gmail.com&token=B5C781B81E5A412F8C22F7DCEB761EEE
10/06/2017 20:04:26 PagSeguro.Session[info]: Session ID: a7bf83d570e64aaaafdd53a37f91fef7
10/06/2017 20:06:07 PagSeguro.Session[info]: Begin
10/06/2017 20:06:07 PagSeguro.Session[info]: POST: https://ws.sandbox.pagseguro.uol.com.br/v2/sessions?email=sarahrhany122%40gmail.com&token=B5C781B81E5A412F8C22F7DCEB761EEE
10/06/2017 20:06:14 PagSeguro.Session[info]: Session ID: 2b67e39538224ee9bd9367077a846832
10/06/2017 20:06:39 PagSeguro.Session[info]: Begin
10/06/2017 20:06:39 PagSeguro.Session[info]: POST: https://ws.sandbox.pagseguro.uol.com.br/v2/sessions?email=sarahrhany122%40gmail.com&token=B5C781B81E5A412F8C22F7DCEB761EEE
10/06/2017 20:06:46 PagSeguro.Session[info]: Session ID: c37f28d5e7b340edae419a0d7ff8ed7b
10/06/2017 20:07:19 PagSeguro.Session[info]: Begin
10/06/2017 20:07:19 PagSeguro.Session[info]: POST: https://ws.sandbox.pagseguro.uol.com.br/v2/sessions?email=sarahrhany122%40gmail.com&token=B5C781B81E5A412F8C22F7DCEB761EEE
10/06/2017 20:07:26 PagSeguro.Session[info]: Session ID: 3d79ff62c89a43d89235f6bf1fd26fda
10/06/2017 20:08:00 PagSeguro.Session[info]: Begin
10/06/2017 20:08:00 PagSeguro.Session[info]: POST: https://ws.sandbox.pagseguro.uol.com.br/v2/sessions?email=sarahrhany122%40gmail.com&token=B5C781B81E5A412F8C22F7DCEB761EEE
10/06/2017 20:08:09 PagSeguro.Session[info]: Session ID: 5f67f1e17c554146bba6150d8af47712
10/06/2017 20:08:30 PagSeguro.Session[info]: Begin
10/06/2017 20:08:30 PagSeguro.Session[info]: POST: https://ws.sandbox.pagseguro.uol.com.br/v2/sessions?email=sarahrhany122%40gmail.com&token=B5C781B81E5A412F8C22F7DCEB761EEE
10/06/2017 20:08:40 PagSeguro.Session[info]: Session ID: 6eebdb984c5443879fca51d0d6529393
10/06/2017 20:10:19 PagSeguro.Session[info]: Begin
10/06/2017 20:10:19 PagSeguro.Session[info]: POST: https://ws.sandbox.pagseguro.uol.com.br/v2/sessions?email=sarahrhany122%40gmail.com&token=B5C781B81E5A412F8C22F7DCEB761EEE
10/06/2017 20:10:32 PagSeguro.Session[info]: Session ID: f9bfa080f77e41cf9532c9e2ed05452d
10/06/2017 20:20:38 PagSeguro.Session[info]: Begin
10/06/2017 20:20:38 PagSeguro.Session[info]: POST: https://ws.sandbox.pagseguro.uol.com.br/v2/sessions?email=sarahrhany122%40gmail.com&token=B5C781B81E5A412F8C22F7DCEB761EEE
10/06/2017 20:20:47 PagSeguro.Session[info]: Session ID: 5c9df5b34e804a6099ac1564b5eaa6c8
10/06/2017 20:26:17 PagSeguro.Session[info]: Begin
10/06/2017 20:26:17 PagSeguro.Session[info]: POST: https://ws.sandbox.pagseguro.uol.com.br/v2/sessions?email=sarahrhany122%40gmail.com&token=B5C781B81E5A412F8C22F7DCEB761EEE
10/06/2017 20:26:33 PagSeguro.Session[info]: Session ID: a4613886f98b4cd09d227d971bbdeb04
10/06/2017 20:43:16 PagSeguro.Session[info]: Begin
10/06/2017 20:43:16 PagSeguro.Session[info]: POST: https://ws.sandbox.pagseguro.uol.com.br/v2/sessions?email=sarahrhany122%40gmail.com&token=B5C781B81E5A412F8C22F7DCEB761EEE
10/06/2017 20:43:24 PagSeguro.Session[info]: Session ID: 45531b0f231f44cabcbebd4350d658a4
10/06/2017 20:45:43 PagSeguro.Session[info]: Begin
10/06/2017 20:45:43 PagSeguro.Session[info]: POST: https://ws.sandbox.pagseguro.uol.com.br/v2/sessions?email=sarahrhany122%40gmail.com&token=B5C781B81E5A412F8C22F7DCEB761EEE
10/06/2017 20:45:50 PagSeguro.Session[info]: Session ID: f857a1295ff346b88b67304bc96ee62e
10/06/2017 20:47:42 PagSeguro.Session[info]: Begin
10/06/2017 20:47:42 PagSeguro.Session[info]: POST: https://ws.sandbox.pagseguro.uol.com.br/v2/sessions?email=sarahrhany122%40gmail.com&token=B5C781B81E5A412F8C22F7DCEB761EEE
10/06/2017 20:47:51 PagSeguro.Session[info]: Session ID: 597150227dd64a258d46cd64464ad65f
10/06/2017 20:54:11 PagSeguro.Session[info]: Begin
10/06/2017 20:54:11 PagSeguro.Session[info]: POST: https://ws.sandbox.pagseguro.uol.com.br/v2/sessions?email=sarahrhany122%40gmail.com&token=B5C781B81E5A412F8C22F7DCEB761EEE
10/06/2017 20:54:22 PagSeguro.Session[info]: Session ID: 29352e084c534d67b3c55c51a7e35519
10/06/2017 20:57:47 PagSeguro.Session[info]: Begin
10/06/2017 20:57:47 PagSeguro.Session[info]: POST: https://ws.sandbox.pagseguro.uol.com.br/v2/sessions?email=sarahrhany122%40gmail.com&token=B5C781B81E5A412F8C22F7DCEB761EEE
10/06/2017 20:57:55 PagSeguro.Session[info]: Session ID: 8eebd889749f473fb039242a2c28786c
10/06/2017 21:05:37 PagSeguro.Session[info]: Begin
10/06/2017 21:05:37 PagSeguro.Session[info]: POST: https://ws.sandbox.pagseguro.uol.com.br/v2/sessions?email=sarahrhany122%40gmail.com&token=B5C781B81E5A412F8C22F7DCEB761EEE
10/06/2017 21:05:44 PagSeguro.Session[info]: Session ID: 137799b28b6c42d89308c149e88f7b19
10/06/2017 21:06:32 PagSeguro.Session[info]: Begin
10/06/2017 21:06:32 PagSeguro.Session[info]: POST: https://ws.sandbox.pagseguro.uol.com.br/v2/sessions?email=sarahrhany122%40gmail.com&token=B5C781B81E5A412F8C22F7DCEB761EEE
10/06/2017 21:06:39 PagSeguro.Session[info]: Session ID: fd4d57c3c83c4c08b48e2cb5384fe14d
10/06/2017 21:07:26 PagSeguro.Session[info]: Begin
10/06/2017 21:07:26 PagSeguro.Session[info]: POST: https://ws.sandbox.pagseguro.uol.com.br/v2/sessions?email=sarahrhany122%40gmail.com&token=B5C781B81E5A412F8C22F7DCEB761EEE
10/06/2017 21:07:32 PagSeguro.Session[info]: Session ID: 0d31113b37d84e01bf70dcdfccca1f8b
10/06/2017 21:13:04 PagSeguro.Session[info]: Begin
10/06/2017 21:13:04 PagSeguro.Session[info]: POST: https://ws.sandbox.pagseguro.uol.com.br/v2/sessions?email=sarahrhany122%40gmail.com&token=B5C781B81E5A412F8C22F7DCEB761EEE
10/06/2017 21:13:11 PagSeguro.Session[info]: Session ID: 878d74af28ec40d59a680d33e843de81
10/06/2017 21:58:04 PagSeguro.Session[info]: Begin
10/06/2017 21:58:04 PagSeguro.Session[info]: POST: https://ws.sandbox.pagseguro.uol.com.br/v2/sessions?email=sarahrhany122%40gmail.com&token=B5C781B81E5A412F8C22F7DCEB761EEE
10/06/2017 21:58:11 PagSeguro.Session[info]: Session ID: 1781ec4b810846859f18d35658caafc0
10/06/2017 21:59:04 PagSeguro.Session[info]: Begin
10/06/2017 21:59:04 PagSeguro.Session[info]: POST: https://ws.sandbox.pagseguro.uol.com.br/v2/sessions?email=sarahrhany122%40gmail.com&token=B5C781B81E5A412F8C22F7DCEB761EEE
10/06/2017 21:59:11 PagSeguro.Session[info]: Session ID: 97e7cd52dbbb4d38a94d49f54e73c3cc
10/06/2017 21:59:27 PagSeguro.Session[info]: Begin
10/06/2017 21:59:27 PagSeguro.Session[info]: POST: https://ws.sandbox.pagseguro.uol.com.br/v2/sessions?email=sarahrhany122%40gmail.com&token=B5C781B81E5A412F8C22F7DCEB761EEE
10/06/2017 21:59:35 PagSeguro.Session[info]: Session ID: 2d07d0b1b7594021878d2acd9bf05bf1
10/06/2017 22:05:38 PagSeguro.Session[info]: Begin
10/06/2017 22:05:38 PagSeguro.Session[info]: POST: https://ws.sandbox.pagseguro.uol.com.br/v2/sessions?email=sarahrhany122%40gmail.com&token=B5C781B81E5A412F8C22F7DCEB761EEE
10/06/2017 22:05:48 PagSeguro.Session[info]: Session ID: 03e1f7c2a7424a1caa39ef74466cf974
10/06/2017 22:06:25 PagSeguro.Session[info]: Begin
10/06/2017 22:06:25 PagSeguro.Session[info]: POST: https://ws.sandbox.pagseguro.uol.com.br/v2/sessions?email=sarahrhany122%40gmail.com&token=B5C781B81E5A412F8C22F7DCEB761EEE
10/06/2017 22:06:39 PagSeguro.Session[info]: Session ID: 9afd10235faa4d05bb4588120c2c84b4
10/06/2017 22:08:13 PagSeguro.Session[info]: Begin
10/06/2017 22:08:13 PagSeguro.Session[info]: POST: https://ws.sandbox.pagseguro.uol.com.br/v2/sessions?email=sarahrhany122%40gmail.com&token=B5C781B81E5A412F8C22F7DCEB761EEE
10/06/2017 22:08:26 PagSeguro.Session[info]: Session ID: ab9775b2b96646349602c8c30464b077
10/06/2017 22:09:18 PagSeguro.Session[info]: Begin
10/06/2017 22:09:18 PagSeguro.Session[info]: POST: https://ws.sandbox.pagseguro.uol.com.br/v2/sessions?email=sarahrhany122%40gmail.com&token=B5C781B81E5A412F8C22F7DCEB761EEE
10/06/2017 22:09:34 PagSeguro.Session[info]: Session ID: 3601dfa18fe041f084dccac2006d1028
10/06/2017 22:10:10 PagSeguro.Session[info]: Begin
10/06/2017 22:10:10 PagSeguro.Session[info]: POST: https://ws.sandbox.pagseguro.uol.com.br/v2/sessions?email=sarahrhany122%40gmail.com&token=B5C781B81E5A412F8C22F7DCEB761EEE
10/06/2017 22:10:30 PagSeguro.Session[info]: Session ID: 384fcf6f2fdc459c9b390f1afca75345
10/06/2017 22:13:57 PagSeguro.Session[info]: Begin
10/06/2017 22:13:57 PagSeguro.Session[info]: POST: https://ws.sandbox.pagseguro.uol.com.br/v2/sessions?email=sarahrhany122%40gmail.com&token=B5C781B81E5A412F8C22F7DCEB761EEE
10/06/2017 22:14:06 PagSeguro.Session[info]: Session ID: 24c7e44007a848fc8d1f99abb575dbd1
10/06/2017 22:14:29 PagSeguro.Session[info]: Begin
10/06/2017 22:14:29 PagSeguro.Session[info]: POST: https://ws.sandbox.pagseguro.uol.com.br/v2/sessions?email=sarahrhany122%40gmail.com&token=B5C781B81E5A412F8C22F7DCEB761EEE
10/06/2017 22:14:37 PagSeguro.Session[info]: Session ID: 7f8b263988a14a63947de9afae017d24
10/06/2017 22:38:58 PagSeguro.Session[info]: Begin
10/06/2017 22:38:58 PagSeguro.Session[info]: POST: https://ws.sandbox.pagseguro.uol.com.br/v2/sessions?email=sarahrhany122%40gmail.com&token=B5C781B81E5A412F8C22F7DCEB761EEE
10/06/2017 22:39:08 PagSeguro.Session[info]: Session ID: 30fb950a4d4e4db88fc3b8a9f5c5cd39
10/06/2017 22:40:15 PagSeguro.Session[info]: Begin
10/06/2017 22:40:15 PagSeguro.Session[info]: POST: https://ws.sandbox.pagseguro.uol.com.br/v2/sessions?email=sarahrhany122%40gmail.com&token=B5C781B81E5A412F8C22F7DCEB761EEE
10/06/2017 22:40:21 PagSeguro.Session[info]: Session ID: bf5942b988d342db82af751833d848d7
10/06/2017 22:40:52 PagSeguro.Session[info]: Begin
10/06/2017 22:40:52 PagSeguro.Session[info]: POST: https://ws.sandbox.pagseguro.uol.com.br/v2/sessions?email=sarahrhany122%40gmail.com&token=B5C781B81E5A412F8C22F7DCEB761EEE
10/06/2017 22:41:00 PagSeguro.Session[info]: Session ID: f7a92e82582e47b890b9a2d7e6f3da06
10/06/2017 22:41:45 PagSeguro.Session[info]: Begin
10/06/2017 22:41:45 PagSeguro.Session[info]: POST: https://ws.sandbox.pagseguro.uol.com.br/v2/sessions?email=sarahrhany122%40gmail.com&token=B5C781B81E5A412F8C22F7DCEB761EEE
10/06/2017 22:41:52 PagSeguro.Session[info]: Session ID: fafdc8b4754041b9be3f04f0d67fbe0c
10/06/2017 22:44:09 PagSeguro.Session[info]: Begin
10/06/2017 22:44:09 PagSeguro.Session[info]: POST: https://ws.sandbox.pagseguro.uol.com.br/v2/sessions?email=sarahrhany122%40gmail.com&token=B5C781B81E5A412F8C22F7DCEB761EEE
10/06/2017 22:44:18 PagSeguro.Session[info]: Session ID: 2c973a2cf5de4cf8a80206ff75a79873
10/06/2017 22:46:47 PagSeguro.Session[info]: Begin
10/06/2017 22:46:47 PagSeguro.Session[info]: POST: https://ws.sandbox.pagseguro.uol.com.br/v2/sessions?email=sarahrhany122%40gmail.com&token=B5C781B81E5A412F8C22F7DCEB761EEE
10/06/2017 22:46:54 PagSeguro.Session[info]: Session ID: fb69fbdc1d2f44e988f61ce1ee2baf4d
10/06/2017 22:48:54 PagSeguro.Session[info]: Begin
10/06/2017 22:48:55 PagSeguro.Session[info]: POST: https://ws.sandbox.pagseguro.uol.com.br/v2/sessions?email=sarahrhany122%40gmail.com&token=B5C781B81E5A412F8C22F7DCEB761EEE
10/06/2017 22:49:01 PagSeguro.Session[info]: Session ID: e42faf7c20004f219ba2580056303b2a
10/06/2017 22:53:47 PagSeguro.Session[info]: Begin
10/06/2017 22:53:47 PagSeguro.Session[info]: POST: https://ws.sandbox.pagseguro.uol.com.br/v2/sessions?email=sarahrhany122%40gmail.com&token=B5C781B81E5A412F8C22F7DCEB761EEE
10/06/2017 22:53:54 PagSeguro.Session[info]: Session ID: 3a45ee0797ab4571a615b70193e2722a
10/06/2017 22:54:13 PagSeguro.Session[info]: Begin
10/06/2017 22:54:13 PagSeguro.Session[info]: POST: https://ws.sandbox.pagseguro.uol.com.br/v2/sessions?email=sarahrhany122%40gmail.com&token=B5C781B81E5A412F8C22F7DCEB761EEE
10/06/2017 22:54:20 PagSeguro.Session[info]: Session ID: ef6704d400fe4a51b5c418bc66af5a90
11/06/2017 04:11:11 PagSeguro.Session[info]: Begin
11/06/2017 04:11:12 PagSeguro.Session[info]: POST: https://ws.sandbox.pagseguro.uol.com.br/v2/sessions?email=sarahrhany122%40gmail.com&token=B5C781B81E5A412F8C22F7DCEB761EEE
11/06/2017 04:11:38 PagSeguro.Session[info]: Session ID: 5f15e465e8794f4f8ca0929bcc63c168
11/06/2017 04:12:10 PagSeguro.Session[info]: Begin
11/06/2017 04:12:10 PagSeguro.Session[info]: POST: https://ws.sandbox.pagseguro.uol.com.br/v2/sessions?email=sarahrhany122%40gmail.com&token=B5C781B81E5A412F8C22F7DCEB761EEE
11/06/2017 04:12:20 PagSeguro.Session[info]: Session ID: 8c1f72c61e0b4a20a66b74998ad45935
11/06/2017 04:14:34 PagSeguro.Session[info]: Begin
11/06/2017 04:14:34 PagSeguro.Session[info]: POST: https://ws.sandbox.pagseguro.uol.com.br/v2/sessions?email=sarahrhany122%40gmail.com&token=B5C781B81E5A412F8C22F7DCEB761EEE
11/06/2017 04:14:51 PagSeguro.Session[info]: Session ID: 918dbeb5760b485b8a65260b86846082
11/06/2017 04:17:29 PagSeguro.Session[info]: Begin
11/06/2017 04:17:29 PagSeguro.Session[info]: POST: https://ws.sandbox.pagseguro.uol.com.br/v2/sessions?email=sarahrhany122%40gmail.com&token=B5C781B81E5A412F8C22F7DCEB761EEE
11/06/2017 04:17:41 PagSeguro.Session[info]: Session ID: 4a557824a9324771b3365b6ed07ca02d
11/06/2017 04:17:41 PagSeguro.Checkout[info]: Begin
11/06/2017 04:17:41 PagSeguro.Checkout[info]: POST: https://ws.sandbox.pagseguro.uol.com.br/v2/checkout?email=sarahrhany122%40gmail.com&token=B5C781B81E5A412F8C22F7DCEB761EEE
11/06/2017 04:17:42 PagSeguro.Checkout[info]: Params: {"reference":"36","redirectURL":"http:\/\/www.naldasmodapet.com.br","currency":"BRL","itemId1":1,"itemDescription1":"3","itemQuantity1":"3","itemAmount1":"3.00","itemId2":2,"itemDescription2":"1","itemQuantity2":"1","itemAmount2":"1.00","itemId3":3,"itemDescription3":"1","itemQuantity3":"1","itemAmount3":"1.00","itemId4":4,"itemDescription4":"2","itemQuantity4":"2","itemAmount4":"2.00","itemId5":5,"itemDescription5":"5","itemQuantity5":"5","itemAmount5":"5.00","itemId6":6,"itemDescription6":"3","itemQuantity6":"3","itemAmount6":"3.00","itemId7":7,"itemDescription7":"V","itemQuantity7":"V","itemAmount7":"","senderName":"Inalda Rios","senderEmail":"sarahrhany122@gmail.com","shippingType":2,"shippingCost":"0.00","notificationURL":"http:\/\/www.naldasmodapet.com.br\/nofitication"}
11/06/2017 04:17:50 PagSeguro.Session[error]: <?xml version="1.0" encoding="ISO-8859-1" standalone="yes"?><errors><error><code>11029</code><message>Item amount invalid pattern: {0}. Must fit the patern: \d+.\d{2}</message></error><error><code>11027</code><message>Item quantity out of range: V</message></error></errors>
11/06/2017 05:26:09 PagSeguro.Session[info]: Begin
11/06/2017 05:26:10 PagSeguro.Session[info]: POST: https://ws.sandbox.pagseguro.uol.com.br/v2/sessions?email=sarahrhany122%40gmail.com&token=B5C781B81E5A412F8C22F7DCEB761EEE
11/06/2017 05:26:21 PagSeguro.Session[info]: Session ID: 9fd7b43f102b400492ac5bd800ad39e9
11/06/2017 05:26:23 PagSeguro.Checkout[info]: Begin
11/06/2017 05:26:23 PagSeguro.Checkout[info]: POST: https://ws.sandbox.pagseguro.uol.com.br/v2/checkout?email=sarahrhany122%40gmail.com&token=B5C781B81E5A412F8C22F7DCEB761EEE
11/06/2017 05:26:23 PagSeguro.Checkout[info]: Params: {"reference":"36","redirectURL":"http:\/\/www.naldasmodapet.com.br","currency":"BRL","itemId1":1,"itemDescription1":"3","itemQuantity1":"3","itemAmount1":"3.00","itemId2":2,"itemDescription2":"1","itemQuantity2":"1","itemAmount2":"1.00","itemId3":3,"itemDescription3":"1","itemQuantity3":"1","itemAmount3":"1.00","itemId4":4,"itemDescription4":"2","itemQuantity4":"2","itemAmount4":"2.00","itemId5":5,"itemDescription5":"5","itemQuantity5":"5","itemAmount5":"5.00","itemId6":6,"itemDescription6":"3","itemQuantity6":"3","itemAmount6":"3.00","itemId7":7,"itemDescription7":"V","itemQuantity7":"V","itemAmount7":"","senderName":"Inalda Rios","senderEmail":"sarahrhany122@gmail.com","shippingType":2,"shippingCost":"0.00","notificationURL":"http:\/\/www.naldasmodapet.com.br\/nofitication"}
11/06/2017 05:26:30 PagSeguro.Session[error]: <?xml version="1.0" encoding="ISO-8859-1" standalone="yes"?><errors><error><code>11029</code><message>Item amount invalid pattern: {0}. Must fit the patern: \d+.\d{2}</message></error><error><code>11027</code><message>Item quantity out of range: V</message></error></errors>
11/06/2017 06:19:05 PagSeguro.Session[info]: Begin
11/06/2017 06:19:06 PagSeguro.Session[info]: POST: https://ws.sandbox.pagseguro.uol.com.br/v2/sessions?email=sarahrhany122%40gmail.com&token=B5C781B81E5A412F8C22F7DCEB761EEE
11/06/2017 06:19:13 PagSeguro.Session[info]: Session ID: d9850e1aeea24591af0e043062a57fe2
11/06/2017 06:19:13 PagSeguro.Checkout[info]: Begin
11/06/2017 06:19:13 PagSeguro.Checkout[info]: POST: https://ws.sandbox.pagseguro.uol.com.br/v2/checkout?email=sarahrhany122%40gmail.com&token=B5C781B81E5A412F8C22F7DCEB761EEE
11/06/2017 06:19:13 PagSeguro.Checkout[info]: Params: {"reference":"36","redirectURL":"http:\/\/www.naldasmodapet.com.br","currency":"BRL","itemId1":1,"itemDescription1":"3","itemQuantity1":"3","itemAmount1":"3.00","itemId2":2,"itemDescription2":"1","itemQuantity2":"1","itemAmount2":"1.00","itemId3":3,"itemDescription3":"1","itemQuantity3":"1","itemAmount3":"1.00","itemId4":4,"itemDescription4":"2","itemQuantity4":"2","itemAmount4":"2.00","itemId5":5,"itemDescription5":"5","itemQuantity5":"5","itemAmount5":"5.00","itemId6":6,"itemDescription6":"3","itemQuantity6":"3","itemAmount6":"3.00","itemId7":7,"itemDescription7":"V","itemQuantity7":"V","itemAmount7":"","senderName":"Inalda Rios","senderEmail":"sarahrhany122@gmail.com","shippingType":2,"shippingCost":"0.00","notificationURL":"http:\/\/www.naldasmodapet.com.br\/nofitication"}
11/06/2017 06:19:19 PagSeguro.Session[error]: <?xml version="1.0" encoding="ISO-8859-1" standalone="yes"?><errors><error><code>11029</code><message>Item amount invalid pattern: {0}. Must fit the patern: \d+.\d{2}</message></error><error><code>11027</code><message>Item quantity out of range: V</message></error></errors>
11/06/2017 06:20:05 PagSeguro.Session[info]: Begin
11/06/2017 06:20:05 PagSeguro.Session[info]: POST: https://ws.sandbox.pagseguro.uol.com.br/v2/sessions?email=sarahrhany122%40gmail.com&token=B5C781B81E5A412F8C22F7DCEB761EEE
11/06/2017 06:20:14 PagSeguro.Session[info]: Session ID: a3e5e7a8a0c944d88786689a15db668d
11/06/2017 06:20:15 PagSeguro.Checkout[info]: Begin
11/06/2017 06:20:15 PagSeguro.Checkout[info]: POST: https://ws.sandbox.pagseguro.uol.com.br/v2/checkout?email=sarahrhany122%40gmail.com&token=B5C781B81E5A412F8C22F7DCEB761EEE
11/06/2017 06:20:15 PagSeguro.Checkout[info]: Params: {"reference":"36","redirectURL":"http:\/\/www.naldasmodapet.com.br","currency":"BRL","itemId1":1,"itemDescription1":"3","itemQuantity1":"3","itemAmount1":"3.00","itemId2":2,"itemDescription2":"1","itemQuantity2":"1","itemAmount2":"1.00","itemId3":3,"itemDescription3":"1","itemQuantity3":"1","itemAmount3":"1.00","itemId4":4,"itemDescription4":"2","itemQuantity4":"2","itemAmount4":"2.00","itemId5":5,"itemDescription5":"5","itemQuantity5":"5","itemAmount5":"5.00","itemId6":6,"itemDescription6":"3","itemQuantity6":"3","itemAmount6":"3.00","itemId7":7,"itemDescription7":"V","itemQuantity7":"V","itemAmount7":"","senderName":"Inalda Rios","senderEmail":"sarahrhany122@gmail.com","shippingType":2,"shippingCost":"0.00","notificationURL":"http:\/\/www.naldasmodapet.com.br\/nofitication"}
11/06/2017 06:20:22 PagSeguro.Session[error]: <?xml version="1.0" encoding="ISO-8859-1" standalone="yes"?><errors><error><code>11027</code><message>Item quantity out of range: V</message></error><error><code>11029</code><message>Item amount invalid pattern: {0}. Must fit the patern: \d+.\d{2}</message></error></errors>
11/06/2017 06:20:22 PagSeguro.Session[info]: Begin
11/06/2017 06:20:22 PagSeguro.Session[info]: POST: https://ws.sandbox.pagseguro.uol.com.br/v2/sessions?email=sarahrhany122%40gmail.com&token=B5C781B81E5A412F8C22F7DCEB761EEE
11/06/2017 06:20:32 PagSeguro.Session[info]: Session ID: 97133d79a41f44008d8ff6d314d23824
11/06/2017 06:20:32 PagSeguro.Checkout[info]: Begin
11/06/2017 06:20:32 PagSeguro.Checkout[info]: POST: https://ws.sandbox.pagseguro.uol.com.br/v2/checkout?email=sarahrhany122%40gmail.com&token=B5C781B81E5A412F8C22F7DCEB761EEE
11/06/2017 06:20:32 PagSeguro.Checkout[info]: Params: {"reference":"36","redirectURL":"http:\/\/www.naldasmodapet.com.br","currency":"BRL","itemId1":1,"itemDescription1":"3","itemQuantity1":"3","itemAmount1":"3.00","itemId2":2,"itemDescription2":"1","itemQuantity2":"1","itemAmount2":"1.00","itemId3":3,"itemDescription3":"1","itemQuantity3":"1","itemAmount3":"1.00","itemId4":4,"itemDescription4":"2","itemQuantity4":"2","itemAmount4":"2.00","itemId5":5,"itemDescription5":"5","itemQuantity5":"5","itemAmount5":"5.00","itemId6":6,"itemDescription6":"3","itemQuantity6":"3","itemAmount6":"3.00","itemId7":7,"itemDescription7":"V","itemQuantity7":"V","itemAmount7":"","senderName":"Inalda Rios","senderEmail":"sarahrhany122@gmail.com","shippingType":2,"shippingCost":"0.00","notificationURL":"http:\/\/www.naldasmodapet.com.br\/nofitication"}
11/06/2017 06:20:37 PagSeguro.Session[error]: <?xml version="1.0" encoding="ISO-8859-1" standalone="yes"?><errors><error><code>11029</code><message>Item amount invalid pattern: {0}. Must fit the patern: \d+.\d{2}</message></error><error><code>11027</code><message>Item quantity out of range: V</message></error></errors>
11/06/2017 06:22:32 PagSeguro.Session[info]: Begin
11/06/2017 06:22:32 PagSeguro.Session[info]: POST: https://ws.sandbox.pagseguro.uol.com.br/v2/sessions?email=sarahrhany122%40gmail.com&token=B5C781B81E5A412F8C22F7DCEB761EEE
11/06/2017 06:22:44 PagSeguro.Session[info]: Session ID: deb944d8d1cc4514a862baa7aad8a76a
11/06/2017 06:22:44 PagSeguro.Checkout[info]: Begin
11/06/2017 06:22:44 PagSeguro.Checkout[info]: POST: https://ws.sandbox.pagseguro.uol.com.br/v2/checkout?email=sarahrhany122%40gmail.com&token=B5C781B81E5A412F8C22F7DCEB761EEE
11/06/2017 06:22:44 PagSeguro.Checkout[info]: Params: {"reference":"36","redirectURL":"http:\/\/www.naldasmodapet.com.br","currency":"BRL","itemId1":1,"itemDescription1":"3","itemQuantity1":"3","itemAmount1":"3.00","itemId2":2,"itemDescription2":"1","itemQuantity2":"1","itemAmount2":"1.00","itemId3":3,"itemDescription3":"1","itemQuantity3":"1","itemAmount3":"1.00","itemId4":4,"itemDescription4":"2","itemQuantity4":"2","itemAmount4":"2.00","itemId5":5,"itemDescription5":"5","itemQuantity5":"5","itemAmount5":"5.00","itemId6":6,"itemDescription6":"3","itemQuantity6":"3","itemAmount6":"3.00","itemId7":7,"itemDescription7":"V","itemQuantity7":"V","itemAmount7":"","senderName":"Inalda Rios","senderEmail":"sarahrhany122@gmail.com","shippingType":2,"shippingCost":"0.00","notificationURL":"http:\/\/www.naldasmodapet.com.br\/nofitication"}
11/06/2017 06:22:52 PagSeguro.Session[error]: <?xml version="1.0" encoding="ISO-8859-1" standalone="yes"?><errors><error><code>11027</code><message>Item quantity out of range: V</message></error><error><code>11029</code><message>Item amount invalid pattern: {0}. Must fit the patern: \d+.\d{2}</message></error></errors>
11/06/2017 06:24:42 PagSeguro.Session[info]: Begin
11/06/2017 06:24:42 PagSeguro.Session[info]: POST: https://ws.sandbox.pagseguro.uol.com.br/v2/sessions?email=sarahrhany122%40gmail.com&token=B5C781B81E5A412F8C22F7DCEB761EEE
11/06/2017 06:24:56 PagSeguro.Session[info]: Session ID: 9733aa7445d34d99bf8274ea7ad0bbba
11/06/2017 06:24:56 PagSeguro.Checkout[info]: Begin
11/06/2017 06:24:56 PagSeguro.Checkout[info]: POST: https://ws.sandbox.pagseguro.uol.com.br/v2/checkout?email=sarahrhany122%40gmail.com&token=B5C781B81E5A412F8C22F7DCEB761EEE
11/06/2017 06:24:56 PagSeguro.Checkout[info]: Params: {"reference":"36","redirectURL":"http:\/\/www.naldasmodapet.com.br","currency":"BRL","senderName":"Inalda Rios","senderEmail":"sarahrhany122@gmail.com","shippingType":2,"shippingCost":"0.00","notificationURL":"http:\/\/www.naldasmodapet.com.br\/nofitication"}
11/06/2017 06:25:03 PagSeguro.Session[error]: <?xml version="1.0" encoding="ISO-8859-1" standalone="yes"?><errors><error><code>11024</code><message>Items invalid quantity.</message></error></errors>
13/06/2017 21:10:42 PagSeguro.Session[info]: Begin
13/06/2017 21:10:42 PagSeguro.Session[info]: POST: https://ws.sandbox.pagseguro.uol.com.br/v2/sessions?email=sarahrhany122%40gmail.com&token=B5C781B81E5A412F8C22F7DCEB761EEE
13/06/2017 21:10:54 PagSeguro.Session[info]: Session ID: e329d6831ec04b8a91f68e1dcc080323
13/06/2017 21:10:55 PagSeguro.Checkout[info]: Begin
13/06/2017 21:10:55 PagSeguro.Checkout[info]: POST: https://ws.sandbox.pagseguro.uol.com.br/v2/checkout?email=sarahrhany122%40gmail.com&token=B5C781B81E5A412F8C22F7DCEB761EEE
13/06/2017 21:10:55 PagSeguro.Checkout[info]: Params: {"reference":"37","redirectURL":"http:\/\/www.naldasmodapet.com.br","currency":"BRL","itemId1":1,"itemDescription1":"3","itemQuantity1":"3","itemAmount1":"3.00","itemId2":2,"itemDescription2":"1","itemQuantity2":"1","itemAmount2":"1.00","itemId3":3,"itemDescription3":"2","itemQuantity3":"2","itemAmount3":"2.00","itemId4":4,"itemDescription4":"2","itemQuantity4":"2","itemAmount4":"2.00","itemId5":5,"itemDescription5":"9","itemQuantity5":"9","itemAmount5":"9.00","itemId6":6,"itemDescription6":"3","itemQuantity6":"3","itemAmount6":"3.00","itemId7":7,"itemDescription7":"V","itemQuantity7":"V","itemAmount7":"","senderName":"Inalda Rios","senderEmail":"sarahrhany122@gmail.com","shippingType":2,"shippingCost":"0.00","notificationURL":"http:\/\/www.naldasmodapet.com.br\/notification"}
13/06/2017 21:11:01 PagSeguro.Session[error]: <?xml version="1.0" encoding="ISO-8859-1" standalone="yes"?><errors><error><code>11027</code><message>Item quantity out of range: V</message></error><error><code>11029</code><message>Item amount invalid pattern: {0}. Must fit the patern: \d+.\d{2}</message></error></errors>
24/06/2017 03:00:39 PagSeguro.Session[info]: Begin
24/06/2017 03:00:39 PagSeguro.Session[info]: POST: https://ws.sandbox.pagseguro.uol.com.br/v2/sessions?email=sarahrhany122%40gmail.com&token=B5C781B81E5A412F8C22F7DCEB761EEE
24/06/2017 03:00:39 PagSeguro.Session[error]: CURL can't connect: Could not resolve host: ws.sandbox.pagseguro.uol.com.br